2011-01-03  Karsten Schmidt  <k@postspectacular.com>

	* examples/core/misc/CustomEvents/CustomEvents.pde,
	src.audio/toxi/audio/AudioBuffer.java,
	src.audio/toxi/audio/AudioSource.java,
	src.audio/toxi/audio/DecompressInputStream.java,
	src.audio/toxi/audio/FIRFilter.java,
	src.audio/toxi/audio/IIRFilter.java,
	src.audio/toxi/audio/JOALUtil.java,
	src.audio/toxi/audio/MultiTimbralManager.java,
	src.audio/toxi/audio/SoundListener.java,
	src.audio/toxi/audio/SynthUtil.java,
	src.audio/toxi/music/DelayedSamplePlayer.java,
	src.audio/toxi/music/QuantizedTimeHandler.java,
	src.audio/toxi/music/QuantizedTimeProvider.java,
	src.audio/toxi/music/scale/AbstractScale.java,
	src.audio/toxi/music/scale/GenericScale.java,
	src.audio/toxi/music/scale/MajorScale.java,
	src.color/toxi/color/AccessCriteria.java,
	src.color/toxi/color/AlphaAccessor.java,
	src.color/toxi/color/CMYKAccessor.java,
	src.color/toxi/color/CMYKDistanceProxy.java,
	src.color/toxi/color/ColorGradient.java,
	src.color/toxi/color/ColorList.java,
	src.color/toxi/color/ColorRange.java,
	src.color/toxi/color/ColorTheme.java,
	src.color/toxi/color/DistanceProxy.java,
	src.color/toxi/color/HSVAccessor.java,
	src.color/toxi/color/HSVDistanceProxy.java,
	src.color/toxi/color/HistEntry.java,
	src.color/toxi/color/Histogram.java, src.color/toxi/color/Hue.java,
	src.color/toxi/color/LuminanceAccessor.java,
	src.color/toxi/color/NamedColor.java,
	src.color/toxi/color/ProximityComparator.java,
	src.color/toxi/color/RGBAccessor.java,
	src.color/toxi/color/RGBDistanceProxy.java,
	src.color/toxi/color/ReadonlyTColor.java,
	src.color/toxi/color/TColor.java,
	src.color/toxi/color/TColorAdapter.java,
	src.color/toxi/color/ToneMap.java,
	src.color/toxi/color/theory/AnalogousStrategy.java,
	src.color/toxi/color/theory/ColorTheoryRegistry.java,
	src.color/toxi/color/theory/ColorTheoryStrategy.java,
	src.color/toxi/color/theory/ComplementaryStrategy.java,
	src.color/toxi/color/theory/CompoundTheoryStrategy.java,
	src.color/toxi/color/theory/LeftSplitComplementaryStrategy.java,
	src.color/toxi/color/theory/MonochromeTheoryStrategy.java,
	src.color/toxi/color/theory/RightSplitComplementaryStrategy.java,
	src.color/toxi/color/theory/SingleComplementStrategy.java,
	src.color/toxi/color/theory/SplitComplementaryStrategy.java,
	src.color/toxi/color/theory/TetradTheoryStrategy.java,
	src.color/toxi/color/theory/TriadTheoryStrategy.java,
	src.core/toxi/geom/AABB.java,
	src.core/toxi/geom/AxisAlignedCylinder.java,
	src.core/toxi/geom/BernsteinPolynomial.java,
	src.core/toxi/geom/Circle.java,
	src.core/toxi/geom/CircleIntersector.java,
	src.core/toxi/geom/Cone.java, src.core/toxi/geom/Ellipse.java,
	src.core/toxi/geom/Intersector2D.java,
	src.core/toxi/geom/Intersector3D.java,
	src.core/toxi/geom/IsectData2D.java,
	src.core/toxi/geom/IsectData3D.java, src.core/toxi/geom/Line2D.java,
	src.core/toxi/geom/Line3D.java, src.core/toxi/geom/Matrix4x4.java,
	src.core/toxi/geom/Plane.java, src.core/toxi/geom/PointCloud.java,
	src.core/toxi/geom/PointOctree.java,
	src.core/toxi/geom/PointQuadtree.java,
	src.core/toxi/geom/Polygon2D.java,
	src.core/toxi/geom/PolygonClipper2D.java,
	src.core/toxi/geom/Quaternion.java, src.core/toxi/geom/Ray2D.java,
	src.core/toxi/geom/Ray3D.java,
	src.core/toxi/geom/Ray3DIntersector.java,
	src.core/toxi/geom/ReadonlyVec2D.java,
	src.core/toxi/geom/ReadonlyVec3D.java, src.core/toxi/geom/Rect.java,
	src.core/toxi/geom/Reflector3D.java,
	src.core/toxi/geom/Shape2D.java, src.core/toxi/geom/Shape3D.java,
	src.core/toxi/geom/Sphere.java,
	src.core/toxi/geom/SphereIntersectorReflector.java,
	src.core/toxi/geom/Spline2D.java, src.core/toxi/geom/Spline3D.java,
	src.core/toxi/geom/SutherlandHodgemanClipper.java,
	src.core/toxi/geom/Triangle.java,
	src.core/toxi/geom/Triangle2D.java,
	src.core/toxi/geom/Triangle3D.java,
	src.core/toxi/geom/TriangleIntersector.java,
	src.core/toxi/geom/Vec2D.java, src.core/toxi/geom/Vec3D.java,
	src.core/toxi/geom/XAxisCylinder.java,
	src.core/toxi/geom/YAxisCylinder.java,
	src.core/toxi/geom/ZAxisCylinder.java,
	src.core/toxi/geom/mesh/BezierPatch.java,
	src.core/toxi/geom/mesh/BoxSelector.java,
	src.core/toxi/geom/mesh/DefaultSTLColorModel.java,
	src.core/toxi/geom/mesh/DefaultSelector.java,
	src.core/toxi/geom/mesh/Face.java,
	src.core/toxi/geom/mesh/LaplacianSmooth.java,
	src.core/toxi/geom/mesh/MaterialiseSTLColorModel.java,
	src.core/toxi/geom/mesh/Mesh3D.java,
	src.core/toxi/geom/mesh/OBJWriter.java,
	src.core/toxi/geom/mesh/PlaneSelector.java,
	src.core/toxi/geom/mesh/STLColorModel.java,
	src.core/toxi/geom/mesh/STLReader.java,
	src.core/toxi/geom/mesh/STLWriter.java,
	src.core/toxi/geom/mesh/SphereFunction.java,
	src.core/toxi/geom/mesh/SphericalHarmonics.java,
	src.core/toxi/geom/mesh/SuperEllipsoid.java,
	src.core/toxi/geom/mesh/SurfaceFunction.java,
	src.core/toxi/geom/mesh/SurfaceMeshBuilder.java,
	src.core/toxi/geom/mesh/Terrain.java,
	src.core/toxi/geom/mesh/TriangleMesh.java,
	src.core/toxi/geom/mesh/Vertex.java,
	src.core/toxi/geom/mesh/VertexSelector.java,
	src.core/toxi/geom/mesh/WEFace.java,
	src.core/toxi/geom/mesh/WEMeshFilterStrategy.java,
	src.core/toxi/geom/mesh/WETriangleMesh.java,
	src.core/toxi/geom/mesh/WEVertex.java,
	src.core/toxi/geom/mesh/WingedEdge.java,
	src.core/toxi/geom/mesh/subdiv/DisplacementSubdivision.java,
	src.core/toxi/geom/mesh/subdiv/DualDisplacementSubdivision.java,
	src.core/toxi/geom/mesh/subdiv/DualSubdivision.java,
	src.core/toxi/geom/mesh/subdiv/EdgeLengthComparator.java,
	src.core/toxi/geom/mesh/subdiv/FaceCountComparator.java,
	src.core/toxi/geom/mesh/subdiv/MidpointDisplacementSubdivision.java,
	src.core/toxi/geom/mesh/subdiv/MidpointSubdivision.java,
	src.core/toxi/geom/mesh/subdiv/NormalDisplacementSubdivision.java,
	src.core/toxi/geom/mesh/subdiv/SubdivisionStrategy.java,
	src.core/toxi/geom/mesh/subdiv/TriSubdivision.java,
	src.core/toxi/geom/mesh2d/DelaunayVertex.java,
	src.core/toxi/geom/mesh2d/Voronoi.java,
	src.core/toxi/math/BezierInterpolation.java,
	src.core/toxi/math/CircularInterpolation.java,
	src.core/toxi/math/CosineInterpolation.java,
	src.core/toxi/math/DecimatedInterpolation.java,
	src.core/toxi/math/ExponentialInterpolation.java,
	src.core/toxi/math/InterpolateStrategy.java,
	src.core/toxi/math/Interpolation2D.java,
	src.core/toxi/math/LinearInterpolation.java,
	src.core/toxi/math/MathUtils.java, src.core/toxi/math/ScaleMap.java,
	src.core/toxi/math/SigmoidInterpolation.java,
	src.core/toxi/math/SinCosLUT.java,
	src.core/toxi/math/ThresholdInterpolation.java,
	src.core/toxi/math/ZoomLensInterpolation.java,
	src.core/toxi/math/conversion/UnitTranslator.java,
	src.core/toxi/math/noise/PerlinNoise.java,
	src.core/toxi/math/noise/SimplexNoise.java,
	src.core/toxi/math/waves/AMFMSineWave.java,
	src.core/toxi/math/waves/AbstractWave.java,
	src.core/toxi/math/waves/ConstantWave.java,
	src.core/toxi/math/waves/FMHarmonicSquareWave.java,
	src.core/toxi/math/waves/FMSawtoothWave.java,
	src.core/toxi/math/waves/FMSineWave.java,
	src.core/toxi/math/waves/FMSquareWave.java,
	src.core/toxi/math/waves/FMTriangleWave.java,
	src.core/toxi/math/waves/SineWave.java,
	src.core/toxi/math/waves/WaveState.java,
	src.core/toxi/util/DateUtils.java,
	src.core/toxi/util/FileSequenceDescriptor.java,
	src.core/toxi/util/FileUtils.java,
	src.core/toxi/util/datatypes/ArrayUtil.java,
	src.core/toxi/util/datatypes/BiasedFloatRange.java,
	src.core/toxi/util/datatypes/BiasedIntegerRange.java,
	src.core/toxi/util/datatypes/DoubleRange.java,
	src.core/toxi/util/datatypes/FloatRange.java,
	src.core/toxi/util/datatypes/GenericSet.java,
	src.core/toxi/util/datatypes/IntegerRange.java,
	src.core/toxi/util/datatypes/IntegerSet.java,
	src.core/toxi/util/datatypes/SingletonRegistry.java,
	src.core/toxi/util/datatypes/TypedProperties.java,
	src.core/toxi/util/datatypes/WeightedRandomEntry.java,
	src.core/toxi/util/datatypes/WeightedRandomSet.java,
	src.core/toxi/util/events/EventDispatcher.java,
	src.data/toxi/data/csv/CSVAdapter.java,
	src.data/toxi/data/csv/CSVFieldMapper.java,
	src.data/toxi/data/csv/CSVListener.java,
	src.data/toxi/data/csv/CSVParser.java,
	src.data/toxi/data/feeds/AtomAuthor.java,
	src.data/toxi/data/feeds/AtomContent.java,
	src.data/toxi/data/feeds/AtomEntry.java,
	src.data/toxi/data/feeds/AtomFeed.java,
	src.data/toxi/data/feeds/AtomLink.java,
	src.data/toxi/data/feeds/RSSChannel.java,
	src.data/toxi/data/feeds/RSSEnclosure.java,
	src.data/toxi/data/feeds/RSSFeed.java,
	src.data/toxi/data/feeds/RSSItem.java,
	src.data/toxi/data/feeds/util/Iso8601DateAdapter.java,
	src.data/toxi/data/feeds/util/Rfc822DateAdapter.java,
	src.image/toxi/image/util/Filter8bit.java,
	src.image/toxi/image/util/TiledFrameExporter.java,
	src.p5/toxi/processing/ToxiclibsSupport.java,
	src.physics/toxi/physics/ParticlePath.java,
	src.physics/toxi/physics/ParticleString.java,
	src.physics/toxi/physics/PullBackString.java,
	src.physics/toxi/physics/VerletConstrainedSpring.java,
	src.physics/toxi/physics/VerletMinDistanceSpring.java,
	src.physics/toxi/physics/VerletParticle.java,
	src.physics/toxi/physics/VerletPhysics.java,
	src.physics/toxi/physics/VerletSpring.java,
	src.physics/toxi/physics/behaviors/AttractionBehavior.java,
	src.physics/toxi/physics/behaviors/ConstantForceBehavior.java,
	src.physics/toxi/physics/behaviors/GravityBehavior.java,
	src.physics/toxi/physics/behaviors/ParticleBehavior.java,
	src.physics/toxi/physics/constraints/AxisConstraint.java,
	src.physics/toxi/physics/constraints/BoxConstraint.java,
	src.physics/toxi/physics/constraints/CylinderConstraint.java,
	src.physics/toxi/physics/constraints/MaxConstraint.java,
	src.physics/toxi/physics/constraints/MinConstraint.java,
	src.physics/toxi/physics/constraints/ParticleConstraint.java,
	src.physics/toxi/physics/constraints/PlaneConstraint.java,
	src.physics/toxi/physics/constraints/SoftBoxConstraint.java,
	src.physics/toxi/physics/constraints/SphereConstraint.java,
	src.physics/toxi/physics2d/ParticlePath2D.java,
	src.physics/toxi/physics2d/ParticleString2D.java,
	src.physics/toxi/physics2d/PullBackString2D.java,
	src.physics/toxi/physics2d/VerletConstrainedSpring2D.java,
	src.physics/toxi/physics2d/VerletMinDistanceSpring2D.java,
	src.physics/toxi/physics2d/VerletParticle2D.java,
	src.physics/toxi/physics2d/VerletPhysics2D.java,
	src.physics/toxi/physics2d/VerletSpring2D.java,
	src.physics/toxi/physics2d/behaviors/AttractionBehavior.java,
	src.physics/toxi/physics2d/behaviors/ConstantForceBehavior.java,
	src.physics/toxi/physics2d/behaviors/GravityBehavior.java,
	src.physics/toxi/physics2d/behaviors/ParticleBehavior2D.java,
	src.physics/toxi/physics2d/constraints/AngularConstraint.java,
	src.physics/toxi/physics2d/constraints/AxisConstraint.java,
	src.physics/toxi/physics2d/constraints/CircularConstraint.java,
	src.physics/toxi/physics2d/constraints/MaxConstraint.java,
	src.physics/toxi/physics2d/constraints/MinConstraint.java,
	src.physics/toxi/physics2d/constraints/ParticleConstraint2D.java,
	src.physics/toxi/physics2d/constraints/RectConstraint.java,
	src.sim/toxi/sim/automata/CAMatrix.java,
	src.sim/toxi/sim/automata/CARule.java,
	src.sim/toxi/sim/automata/CARule2D.java,
	src.sim/toxi/sim/automata/CAWolfram1D.java,
	src.sim/toxi/sim/automata/EvolvableMatrix.java,
	src.sim/toxi/sim/automata/MatrixEvolver.java,
	src.sim/toxi/sim/dla/BottomUpOrder.java,
	src.sim/toxi/sim/dla/DLA.java,
	src.sim/toxi/sim/dla/DLAConfiguration.java,
	src.sim/toxi/sim/dla/DLAEventAdapter.java,
	src.sim/toxi/sim/dla/DLAEventListener.java,
	src.sim/toxi/sim/dla/DLAGuideLines.java,
	src.sim/toxi/sim/dla/DLAParticle.java,
	src.sim/toxi/sim/dla/DLASegment.java,
	src.sim/toxi/sim/dla/PipelineOrder.java,
	src.sim/toxi/sim/dla/RadialDistanceOrder.java,
	src.sim/toxi/sim/erosion/ErosionFunction.java,
	src.sim/toxi/sim/erosion/TalusAngleErosion.java,
	src.sim/toxi/sim/erosion/ThermalErosion.java,
	src.sim/toxi/sim/fluids/FluidSolver.java,
	src.sim/toxi/sim/grayscott/GrayScott.java,
	src.test/toxi/test/JAXBGeomTest.java,
	src.test/toxi/test/geom/AABBIsecTest.java,
	src.test/toxi/test/geom/PlaneTest.java,
	src.test/toxi/test/geom/TriangleTest.java,
	src.test/toxi/test/geom/WEMeshTest.java,
	src.volume/toxi/volume/ArrayIsoSurface.java,
	src.volume/toxi/volume/BoxBrush.java,
	src.volume/toxi/volume/HashIsoSurface.java,
	src.volume/toxi/volume/IsoSurface.java,
	src.volume/toxi/volume/MarchingCubesIndex.java,
	src.volume/toxi/volume/MeshLatticeBuilder.java,
	src.volume/toxi/volume/MeshVoxelizer.java,
	src.volume/toxi/volume/RoundBrush.java,
	src.volume/toxi/volume/VolumetricBrush.java,
	src.volume/toxi/volume/VolumetricHashMap.java,
	src.volume/toxi/volume/VolumetricSpace.java,
	src.volume/toxi/volume/VolumetricSpaceArray.java:
	adding/updating comments in all source files, renaming Triangle into
	Triangle3D, adding CustomEvents example
	[7b3562f4cdf0] <toxiclibs>

2010-05-11  Karsten Schmidt  <k@postspectacular.com>

	* src.data/toxi/data/csv/CSVAdapter.java,
	src.data/toxi/data/csv/CSVFieldMapper.java,
	src.data/toxi/data/csv/CSVListener.java,
	src.data/toxi/data/csv/CSVParser.java:
	adding toxi.data.csv package with CSVParser and helper classes for
	event based parsing and associative field access
	[c866309edcf3] <toxiclibs>

2010-04-16  Karsten Schmidt  <k@postspectacular.com>

	* src.data/toxi/data/feeds/AtomAuthor.java,
	src.data/toxi/data/feeds/util/EntityStripper.java:
	fixing namespace setting in author annotation, removing obsolete
	javadoc tags in EntityStripper
	[1bba1ae3fbe6] <toxiclibs>

2010-04-15  Karsten Schmidt  <k@postspectacular.com>

	* src.data/toxi/data/feeds/AtomContent.java,
	src.data/toxi/data/feeds/AtomEntry.java,
	src.data/toxi/data/feeds/AtomFeed.java,
	src.data/toxi/data/feeds/AtomLink.java,
	src.data/toxi/data/feeds/RSSEnclosure.java,
	src.data/toxi/data/feeds/RSSFeed.java,
	src.data/toxi/data/feeds/RSSItem.java,
	src.data/toxi/data/feeds/util/Iso8601DateAdapter.java,
	src.test/toxi/test/data/AtomTest.java,
	src.test/toxi/test/data/RSSTest.java, test/flickr.atom,
	test/podcast.xml:
	adding enclosure support for Atom & RSS, updating Iso8601DateAdapter
	to better handle time zones, adding categories for RSS items,
	updating unit tests
	[b7c9f754a00e] <toxiclibs>

2009-11-23  Karsten Schmidt  <k@postspectacular.com>

	* src.data/toxi/data/feeds/AtomEntry.java,
	src.data/toxi/data/feeds/AtomFeed.java,
	src.data/toxi/data/feeds/RSSFeed.java:
	adding static newFromStream() & newFromURL() methods to both
	AtomFeed and RSSFeed, updating date annotations
	[699716139c0e] <toxiclibs>

2009-07-27  Karsten Schmidt  <k@postspectacular.com>

	* src.data/toxi/data/feeds/AtomEntry.java,
	src.data/toxi/data/feeds/RSSItem.java,
	src.data/toxi/data/feeds/util/Iso8601DateAdapter.java,
	src.data/toxi/data/feeds/util/Rfc822DateAdapter.java,
	src.test/toxi/test/data/AtomTest.java:
	adding Iso8601DateAdapter (still has issues with timezone offsets)
	used for AtomEntry, minor formatting changes to other classes in
	this package
	[e63007fa5c11] <toxiclibs>

2009-07-17  Karsten Schmidt  <k@postspectacular.com>

	* src.data/toxi/data/feeds/AtomAuthor.java,
	src.data/toxi/data/feeds/AtomEntry.java,
	src.data/toxi/data/feeds/AtomFeed.java,
	src.data/toxi/data/feeds/AtomLink.java,
	src.test/toxi/test/data/AtomTest.java, test/testatom.xml:
	adding atom feed parser and initial unit test
	[3e3aae393ce2] <toxiclibs>

2009-07-15  Karsten Schmidt  <k@postspectacular.com>

	* .classpath, src.data/toxi/data/feeds/RSSChannel.java,
	src.data/toxi/data/feeds/RSSItem.java,
	src.data/toxi/data/feeds/util/EntityStripper.java,
	src.data/toxi/data/feeds/util/Rfc822DateAdapter.java,
	src.test/toxi/test/data/RSSTest.java, test/rss-2_0.xsd,
	test/testrss.xml:
	adding Rfc822 date adapter and html entity stripper (from MindProd).
	added simple RSS unit test and test feed & RSS2 XSD
	[72d483510942] <toxiclibs>

	* .classpath, ant/build_data.xml, readme1st/audio/README.txt,
	readme1st/color/README.txt, readme1st/core/README.txt,
	readme1st/data/README.txt, readme1st/image/README.txt,
	readme1st/physics/README.txt, readme1st/volume/README.txt,
	src.core/toxi/geom/Vec2D.java,
	src.data/toxi/data/feeds/RSSChannel.java,
	src.data/toxi/data/feeds/RSSFeed.java,
	src.data/toxi/data/feeds/RSSItem.java,
	src.test/toxi/test/data/RSSTest.java:
	adding toxi.data package, folder structure & build files for remote
	data (feed) parsing. also updating (c) info in all README's
	[b2ec9c3bb6a3] <toxiclibs>

